TN:
SF:/usr/local/git/front/alpega-junior-kata/src/polyfills.ts
FNF:0
FNH:0
LF:0
LH:0
BRF:0
BRH:0
end_of_record
TN:
SF:/usr/local/git/front/alpega-junior-kata/src/test.ts
FNF:0
FNH:0
DA:18,1
DA:23,1
DA:25,1
LF:3
LH:3
BRF:0
BRH:0
end_of_record
TN:
SF:/usr/local/git/front/alpega-junior-kata/src/app/app.component.ts
FN:12,(anonymous_0)
FN:37,(anonymous_1)
FN:41,(anonymous_2)
FN:50,(anonymous_3)
FN:61,(anonymous_4)
FN:62,(anonymous_5)
FNF:6
FNH:6
FNDA:11,(anonymous_0)
FNDA:49,(anonymous_1)
FNDA:16,(anonymous_2)
FNDA:1,(anonymous_3)
FNDA:1,(anonymous_4)
FNDA:4,(anonymous_5)
DA:12,1
DA:14,11
DA:38,49
DA:43,16
DA:45,16
DA:52,1
DA:57,1
DA:58,1
DA:62,4
LF:9
LH:9
BRF:0
BRH:0
end_of_record
